# JRE version: Java(TM) SE Runtime Environment (8.0_60-b27) (build 1.8.0_60-b27)
# Java VM: Java HotSpot(TM) 64-Bit Server VM (25.60-b23 mixed mode bsd-amd64 compressed oops)
Heap:
 PSYoungGen      total 54784K, used 46079K [0x000000016c980000, 0x0000000172e80000, 0x0000000197400000)
  eden space 49664K, 82% used [0x000000016c980000,0x000000016f17fe20,0x000000016fa00000)
  from space 5120K, 99% used [0x000000016fa00000,0x000000016feffe60,0x000000016ff00000)
  to   space 17408K, 0% used [0x0000000171d80000,0x0000000171d80000,0x0000000172e80000)
 ParOldGen       total 67072K, used 24250K [0x0000000117400000, 0x000000011b580000, 0x000000016c980000)
  object space 67072K, 36% used [0x0000000117400000,0x0000000118bae9d8,0x000000011b580000)
 Metaspace       used 25014K, capacity 26532K, committed 26752K, reserved 1073152K
  class space    used 3437K, capacity 3710K, committed 3712K, reserved 1048576K
GC Heap History (10 events):
Event: 3.735 GC heap before
{Heap before GC invocations=2 (full 0):
 PSYoungGen      total 38400K, used 20427K [0x000000016c980000, 0x000000016f400000, 0x0000000197400000)
  eden space 33280K, 47% used [0x000000016c980000,0x000000016d906e30,0x000000016ea00000)
  from space 5120K, 88% used [0x000000016ea00000,0x000000016ee6c050,0x000000016ef00000)
  to   space 5120K, 0% used [0x000000016ef00000,0x000000016ef00000,0x000000016f400000)
 ParOldGen       total 87552K, used 16K [0x0000000117400000, 0x000000011c980000, 0x000000016c980000)
  object space 87552K, 0% used [0x0000000117400000,0x0000000117404000,0x000000011c980000)
 Metaspace       used 19976K, capacity 21114K, committed 21248K, reserved 1067008K
  class space    used 2994K, capacity 3238K, committed 3328K, reserved 1048576K
Event: 3.756 GC heap after
Heap after GC invocations=2 (full 0):
 PSYoungGen      total 38400K, used 5104K [0x000000016c980000, 0x0000000171480000, 0x0000000197400000)
  eden space 33280K, 0% used [0x000000016c980000,0x000000016c980000,0x000000016ea00000)
  from space 5120K, 99% used [0x000000016ef00000,0x000000016f3fc060,0x000000016f400000)
  to   space 5120K, 0% used [0x000000016ea00000,0x000000016ea00000,0x000000016ef00000)
 ParOldGen       total 87552K, used 7215K [0x0000000117400000, 0x000000011c980000, 0x000000016c980000)
  object space 87552K, 8% used [0x0000000117400000,0x0000000117b0bc88,0x000000011c980000)
 Metaspace       used 19976K, capacity 21114K, committed 21248K, reserved 1067008K
  class space    used 2994K, capacity 3238K, committed 3328K, reserved 1048576K
}
Event: 3.756 GC heap before
{Heap before GC invocations=3 (full 1):
 PSYoungGen      total 38400K, used 5104K [0x000000016c980000, 0x0000000171480000, 0x0000000197400000)
  eden space 33280K, 0% used [0x000000016c980000,0x000000016c980000,0x000000016ea00000)
  from space 5120K, 99% used [0x000000016ef00000,0x000000016f3fc060,0x000000016f400000)
  to   space 5120K, 0% used [0x000000016ea00000,0x000000016ea00000,0x000000016ef00000)
 ParOldGen       total 87552K, used 7215K [0x0000000117400000, 0x000000011c980000, 0x000000016c980000)
  object space 87552K, 8% used [0x0000000117400000,0x0000000117b0bc88,0x000000011c980000)
 Metaspace       used 19976K, capacity 21114K, committed 21248K, reserved 1067008K
  class space    used 2994K, capacity 3238K, committed 3328K, reserved 1048576K
Event: 3.789 GC heap after
Heap after GC invocations=3 (full 1):
 PSYoungGen      total 38400K, used 0K [0x000000016c980000, 0x0000000171480000, 0x0000000197400000)
  eden space 33280K, 0% used [0x000000016c980000,0x000000016c980000,0x000000016ea00000)
  from space 5120K, 0% used [0x000000016ef00000,0x000000016ef00000,0x000000016f400000)
  to   space 5120K, 0% used [0x000000016ea00000,0x000000016ea00000,0x000000016ef00000)
 ParOldGen       total 67072K, used 9510K [0x0000000117400000, 0x000000011b580000, 0x000000016c980000)
  object space 67072K, 14% used [0x0000000117400000,0x0000000117d49ba0,0x000000011b580000)
 Metaspace       used 19976K, capacity 21114K, committed 21248K, reserved 1067008K
  class space    used 2994K, capacity 3238K, committed 3328K, reserved 1048576K
}
Event: 6.602 GC heap before
{Heap before GC invocations=4 (full 1):
 PSYoungGen      total 38400K, used 33280K [0x000000016c980000, 0x0000000171480000, 0x0000000197400000)
  eden space 33280K, 100% used [0x000000016c980000,0x000000016ea00000,0x000000016ea00000)
  from space 5120K, 0% used [0x000000016ef00000,0x000000016ef00000,0x000000016f400000)
  to   space 5120K, 0% used [0x000000016ea00000,0x000000016ea00000,0x000000016ef00000)
 ParOldGen       total 67072K, used 9510K [0x0000000117400000, 0x000000011b580000, 0x000000016c980000)
  object space 67072K, 14% used [0x0000000117400000,0x0000000117d49ba0,0x000000011b580000)
 Metaspace       used 23043K, capacity 24352K, committed 24576K, reserved 1071104K
  class space    used 3314K, capacity 3566K, committed 3584K, reserved 1048576K
Event: 6.609 GC heap after
Heap after GC invocations=4 (full 1):
 PSYoungGen      total 38400K, used 5114K [0x000000016c980000, 0x0000000170400000, 0x0000000197400000)
  eden space 33280K, 0% used [0x000000016c980000,0x000000016c980000,0x000000016ea00000)
  from space 5120K, 99% used [0x000000016ea00000,0x000000016eefea08,0x000000016ef00000)
  to   space 5120K, 0% used [0x000000016ff00000,0x000000016ff00000,0x0000000170400000)
 ParOldGen       total 67072K, used 9774K [0x0000000117400000, 0x000000011b580000, 0x000000016c980000)
  object space 67072K, 14% used [0x0000000117400000,0x0000000117d8bbb8,0x000000011b580000)
 Metaspace       used 23043K, capacity 24352K, committed 24576K, reserved 1071104K
  class space    used 3314K, capacity 3566K, committed 3584K, reserved 1048576K
}
Event: 11.639 GC heap before
{Heap before GC invocations=5 (full 1):
 PSYoungGen      total 38400K, used 38394K [0x000000016c980000, 0x0000000170400000, 0x0000000197400000)
  eden space 33280K, 100% used [0x000000016c980000,0x000000016ea00000,0x000000016ea00000)
  from space 5120K, 99% used [0x000000016ea00000,0x000000016eefea08,0x000000016ef00000)
  to   space 5120K, 0% used [0x000000016ff00000,0x000000016ff00000,0x0000000170400000)
 ParOldGen       total 67072K, used 9986K [0x0000000117400000, 0x000000011b580000, 0x000000016c980000)
  object space 67072K, 14% used [0x0000000117400000,0x0000000117dc08b8,0x000000011b580000)
 Metaspace       used 23959K, capacity 25344K, committed 25344K, reserved 1071104K
  class space    used 3338K, capacity 3584K, committed 3584K, reserved 1048576K
Event: 11.651 GC heap after
Heap after GC invocations=5 (full 1):
 PSYoungGen      total 53248K, used 5109K [0x000000016c980000, 0x0000000170400000, 0x0000000197400000)
  eden space 48128K, 0% used [0x000000016c980000,0x000000016c980000,0x000000016f880000)
  from space 5120K, 99% used [0x000000016ff00000,0x00000001703fd780,0x0000000170400000)
  to   space 5120K, 0% used [0x000000016fa00000,0x000000016fa00000,0x000000016ff00000)
 ParOldGen       total 67072K, used 15906K [0x0000000117400000, 0x000000011b580000, 0x000000016c980000)
  object space 67072K, 23% used [0x0000000117400000,0x00000001183888e0,0x000000011b580000)
 Metaspace       used 23959K, capacity 25344K, committed 25344K, reserved 1071104K
  class space    used 3338K, capacity 3584K, committed 3584K, reserved 1048576K
}
Event: 15.113 GC heap before
{Heap before GC invocations=6 (full 1):
 PSYoungGen      total 53248K, used 53237K [0x000000016c980000, 0x0000000170400000, 0x0000000197400000)
  eden space 48128K, 100% used [0x000000016c980000,0x000000016f880000,0x000000016f880000)
  from space 5120K, 99% used [0x000000016ff00000,0x00000001703fd780,0x0000000170400000)
  to   space 5120K, 0% used [0x000000016fa00000,0x000000016fa00000,0x000000016ff00000)
 ParOldGen       total 67072K, used 15915K [0x0000000117400000, 0x000000011b580000, 0x000000016c980000)
  object space 67072K, 23% used [0x0000000117400000,0x000000011838ac08,0x000000011b580000)
 Metaspace       used 24346K, capacity 25746K, committed 25984K, reserved 1071104K
  class space    used 3355K, capacity 3623K, committed 3712K, reserved 1048576K
Event: 15.131 GC heap after
Heap after GC invocations=6 (full 1):
 PSYoungGen      total 54784K, used 5119K [0x000000016c980000, 0x0000000172e80000, 0x0000000197400000)
  eden space 49664K, 0% used [0x000000016c980000,0x000000016c980000,0x000000016fa00000)
  from space 5120K, 99% used [0x000000016fa00000,0x000000016feffe60,0x000000016ff00000)
  to   space 17408K, 0% used [0x0000000171d80000,0x0000000171d80000,0x0000000172e80000)
 ParOldGen       total 67072K, used 24250K [0x0000000117400000, 0x000000011b580000, 0x000000016c980000)
  object space 67072K, 36% used [0x0000000117400000,0x0000000118bae9d8,0x000000011b580000)
 Metaspace       used 24346K, capacity 25746K, committed 25984K, reserved 1071104K
  class space    used 3355K, capacity 3623K, committed 3712K, reserved 1048576K
}

