# JRE version: Java(TM) SE Runtime Environment (8.0_60-b27) (build 1.8.0_60-b27)
# Java VM: Java HotSpot(TM) 64-Bit Server VM (25.60-b23 mixed mode bsd-amd64 compressed oops)
Heap:
 PSYoungGen      total 52224K, used 18325K [0x0000000795580000, 0x0000000799380000, 0x00000007c0000000)
  eden space 47104K, 28% used [0x0000000795580000,0x00000007962663a0,0x0000000798380000)
  from space 5120K, 99% used [0x0000000798600000,0x0000000798aff158,0x0000000798b00000)
  to   space 2560K, 0% used [0x0000000798380000,0x0000000798380000,0x0000000798600000)
 ParOldGen       total 71680K, used 22540K [0x0000000740000000, 0x0000000744600000, 0x0000000795580000)
  object space 71680K, 31% used [0x0000000740000000,0x00000007416030f0,0x0000000744600000)
 Metaspace       used 24767K, capacity 26244K, committed 26496K, reserved 1073152K
  class space    used 3431K, capacity 3700K, committed 3712K, reserved 1048576K
GC Heap History (10 events):
Event: 15.382 GC heap before
{Heap before GC invocations=316 (full 156):
 PSYoungGen      total 49664K, used 162K [0x0000000795580000, 0x0000000798b00000, 0x00000007c0000000)
  eden space 44544K, 0% used [0x0000000795580000,0x00000007955a8ab0,0x0000000798100000)
  from space 5120K, 0% used [0x0000000798100000,0x0000000798100000,0x0000000798600000)
  to   space 5120K, 0% used [0x0000000798600000,0x0000000798600000,0x0000000798b00000)
 ParOldGen       total 71680K, used 22306K [0x0000000740000000, 0x0000000744600000, 0x0000000795580000)
  object space 71680K, 31% used [0x0000000740000000,0x00000007415c8918,0x0000000744600000)
 Metaspace       used 24004K, capacity 25402K, committed 25728K, reserved 1071104K
  class space    used 3343K, capacity 3611K, committed 3712K, reserved 1048576K
Event: 15.383 GC heap after
Heap after GC invocations=316 (full 156):
 PSYoungGen      total 49664K, used 96K [0x0000000795580000, 0x0000000798b00000, 0x00000007c0000000)
  eden space 44544K, 0% used [0x0000000795580000,0x0000000795580000,0x0000000798100000)
  from space 5120K, 1% used [0x0000000798600000,0x0000000798618000,0x0000000798b00000)
  to   space 5120K, 0% used [0x0000000798100000,0x0000000798100000,0x0000000798600000)
 ParOldGen       total 71680K, used 22306K [0x0000000740000000, 0x0000000744600000, 0x0000000795580000)
  object space 71680K, 31% used [0x0000000740000000,0x00000007415c8918,0x0000000744600000)
 Metaspace       used 24004K, capacity 25402K, committed 25728K, reserved 1071104K
  class space    used 3343K, capacity 3611K, committed 3712K, reserved 1048576K
}
Event: 15.383 GC heap before
{Heap before GC invocations=317 (full 157):
 PSYoungGen      total 49664K, used 96K [0x0000000795580000, 0x0000000798b00000, 0x00000007c0000000)
  eden space 44544K, 0% used [0x0000000795580000,0x0000000795580000,0x0000000798100000)
  from space 5120K, 1% used [0x0000000798600000,0x0000000798618000,0x0000000798b00000)
  to   space 5120K, 0% used [0x0000000798100000,0x0000000798100000,0x0000000798600000)
 ParOldGen       total 71680K, used 22306K [0x0000000740000000, 0x0000000744600000, 0x0000000795580000)
  object space 71680K, 31% used [0x0000000740000000,0x00000007415c8918,0x0000000744600000)
 Metaspace       used 24004K, capacity 25402K, committed 25728K, reserved 1071104K
  class space    used 3343K, capacity 3611K, committed 3712K, reserved 1048576K
Event: 15.412 GC heap after
Heap after GC invocations=317 (full 157):
 PSYoungGen      total 49664K, used 0K [0x0000000795580000, 0x0000000798b00000, 0x00000007c0000000)
  eden space 44544K, 0% used [0x0000000795580000,0x0000000795580000,0x0000000798100000)
  from space 5120K, 0% used [0x0000000798600000,0x0000000798600000,0x0000000798b00000)
  to   space 5120K, 0% used [0x0000000798100000,0x0000000798100000,0x0000000798600000)
 ParOldGen       total 71680K, used 22307K [0x0000000740000000, 0x0000000744600000, 0x0000000795580000)
  object space 71680K, 31% used [0x0000000740000000,0x00000007415c8fb0,0x0000000744600000)
 Metaspace       used 24004K, capacity 25402K, committed 25728K, reserved 1071104K
  class space    used 3343K, capacity 3611K, committed 3712K, reserved 1048576K
}
Event: 15.426 GC heap before
{Heap before GC invocations=318 (full 157):
 PSYoungGen      total 49664K, used 836K [0x0000000795580000, 0x0000000798b00000, 0x00000007c0000000)
  eden space 44544K, 1% used [0x0000000795580000,0x0000000795651128,0x0000000798100000)
  from space 5120K, 0% used [0x0000000798600000,0x0000000798600000,0x0000000798b00000)
  to   space 5120K, 0% used [0x0000000798100000,0x0000000798100000,0x0000000798600000)
 ParOldGen       total 71680K, used 22307K [0x0000000740000000, 0x0000000744600000, 0x0000000795580000)
  object space 71680K, 31% used [0x0000000740000000,0x00000007415c8fb0,0x0000000744600000)
 Metaspace       used 24004K, capacity 25402K, committed 25728K, reserved 1071104K
  class space    used 3343K, capacity 3611K, committed 3712K, reserved 1048576K
Event: 15.429 GC heap after
Heap after GC invocations=318 (full 157):
 PSYoungGen      total 49664K, used 96K [0x0000000795580000, 0x0000000798b00000, 0x00000007c0000000)
  eden space 44544K, 0% used [0x0000000795580000,0x0000000795580000,0x0000000798100000)
  from space 5120K, 1% used [0x0000000798100000,0x0000000798118000,0x0000000798600000)
  to   space 5120K, 0% used [0x0000000798600000,0x0000000798600000,0x0000000798b00000)
 ParOldGen       total 71680K, used 22307K [0x0000000740000000, 0x0000000744600000, 0x0000000795580000)
  object space 71680K, 31% used [0x0000000740000000,0x00000007415c8fb0,0x0000000744600000)
 Metaspace       used 24004K, capacity 25402K, committed 25728K, reserved 1071104K
  class space    used 3343K, capacity 3611K, committed 3712K, reserved 1048576K
}
Event: 15.429 GC heap before
{Heap before GC invocations=319 (full 158):
 PSYoungGen      total 49664K, used 96K [0x0000000795580000, 0x0000000798b00000, 0x00000007c0000000)
  eden space 44544K, 0% used [0x0000000795580000,0x0000000795580000,0x0000000798100000)
  from space 5120K, 1% used [0x0000000798100000,0x0000000798118000,0x0000000798600000)
  to   space 5120K, 0% used [0x0000000798600000,0x0000000798600000,0x0000000798b00000)
 ParOldGen       total 71680K, used 22307K [0x0000000740000000, 0x0000000744600000, 0x0000000795580000)
  object space 71680K, 31% used [0x0000000740000000,0x00000007415c8fb0,0x0000000744600000)
 Metaspace       used 24004K, capacity 25402K, committed 25728K, reserved 1071104K
  class space    used 3343K, capacity 3611K, committed 3712K, reserved 1048576K
Event: 15.472 GC heap after
Heap after GC invocations=319 (full 158):
 PSYoungGen      total 49664K, used 0K [0x0000000795580000, 0x0000000798b00000, 0x00000007c0000000)
  eden space 44544K, 0% used [0x0000000795580000,0x0000000795580000,0x0000000798100000)
  from space 5120K, 0% used [0x0000000798100000,0x0000000798100000,0x0000000798600000)
  to   space 5120K, 0% used [0x0000000798600000,0x0000000798600000,0x0000000798b00000)
 ParOldGen       total 71680K, used 21316K [0x0000000740000000, 0x0000000744600000, 0x0000000795580000)
  object space 71680K, 29% used [0x0000000740000000,0x00000007414d1328,0x0000000744600000)
 Metaspace       used 24004K, capacity 25402K, committed 25728K, reserved 1071104K
  class space    used 3343K, capacity 3611K, committed 3712K, reserved 1048576K
}
Event: 16.811 GC heap before
{Heap before GC invocations=320 (full 158):
 PSYoungGen      total 49664K, used 44544K [0x0000000795580000, 0x0000000798b00000, 0x00000007c0000000)
  eden space 44544K, 100% used [0x0000000795580000,0x0000000798100000,0x0000000798100000)
  from space 5120K, 0% used [0x0000000798100000,0x0000000798100000,0x0000000798600000)
  to   space 5120K, 0% used [0x0000000798600000,0x0000000798600000,0x0000000798b00000)
 ParOldGen       total 71680K, used 21332K [0x0000000740000000, 0x0000000744600000, 0x0000000795580000)
  object space 71680K, 29% used [0x0000000740000000,0x00000007414d50e0,0x0000000744600000)
 Metaspace       used 24136K, capacity 25536K, committed 25728K, reserved 1071104K
  class space    used 3343K, capacity 3612K, committed 3712K, reserved 1048576K
Event: 16.816 GC heap after
Heap after GC invocations=320 (full 158):
 PSYoungGen      total 52224K, used 5116K [0x0000000795580000, 0x0000000799380000, 0x00000007c0000000)
  eden space 47104K, 0% used [0x0000000795580000,0x0000000795580000,0x0000000798380000)
  from space 5120K, 99% used [0x0000000798600000,0x0000000798aff158,0x0000000798b00000)
  to   space 2560K, 0% used [0x0000000798380000,0x0000000798380000,0x0000000798600000)
 ParOldGen       total 71680K, used 22540K [0x0000000740000000, 0x0000000744600000, 0x0000000795580000)
  object space 71680K, 31% used [0x0000000740000000,0x00000007416030f0,0x0000000744600000)
 Metaspace       used 24136K, capacity 25536K, committed 25728K, reserved 1071104K
  class space    used 3343K, capacity 3612K, committed 3712K, reserved 1048576K
}

