# JRE version: Java(TM) SE Runtime Environment (8.0_60-b27) (build 1.8.0_60-b27)
# Java VM: Java HotSpot(TM) 64-Bit Server VM (25.60-b23 mixed mode bsd-amd64 compressed oops)
Heap:
 PSYoungGen      total 133632K, used 27008K [0x0000000795580000, 0x000000079e580000, 0x00000007c0000000)
  eden space 122880K, 13% used [0x0000000795580000,0x0000000796567ef8,0x000000079cd80000)
  from space 10752K, 99% used [0x000000079da80000,0x000000079e4f8220,0x000000079e500000)
  to   space 12288K, 0% used [0x000000079cd80000,0x000000079cd80000,0x000000079d980000)
 ParOldGen       total 51200K, used 15376K [0x0000000740000000, 0x0000000743200000, 0x0000000795580000)
  object space 51200K, 30% used [0x0000000740000000,0x0000000740f041b8,0x0000000743200000)
 Metaspace       used 24805K, capacity 26258K, committed 26440K, reserved 1073152K
  class space    used 3436K, capacity 3707K, committed 3712K, reserved 1048576K
GC Heap History (10 events):
Event: 3.304 GC heap before
{Heap before GC invocations=3 (full 0):
 PSYoungGen      total 38400K, used 10214K [0x0000000795580000, 0x000000079a080000, 0x00000007c0000000)
  eden space 33280K, 15% used [0x0000000795580000,0x0000000795a7dac8,0x0000000797600000)
  from space 5120K, 99% used [0x0000000797b00000,0x0000000797ffc040,0x0000000798000000)
  to   space 5120K, 0% used [0x0000000797600000,0x0000000797600000,0x0000000797b00000)
 ParOldGen       total 87552K, used 2563K [0x0000000740000000, 0x0000000745580000, 0x0000000795580000)
  object space 87552K, 2% used [0x0000000740000000,0x0000000740280d48,0x0000000745580000)
 Metaspace       used 20592K, capacity 21730K, committed 21760K, reserved 1067008K
  class space    used 3063K, capacity 3308K, committed 3328K, reserved 1048576K
Event: 3.311 GC heap after
Heap after GC invocations=3 (full 0):
 PSYoungGen      total 38400K, used 5088K [0x0000000795580000, 0x000000079a080000, 0x00000007c0000000)
  eden space 33280K, 0% used [0x0000000795580000,0x0000000795580000,0x0000000797600000)
  from space 5120K, 99% used [0x0000000797600000,0x0000000797af8030,0x0000000797b00000)
  to   space 5120K, 0% used [0x0000000799b80000,0x0000000799b80000,0x000000079a080000)
 ParOldGen       total 87552K, used 3224K [0x0000000740000000, 0x0000000745580000, 0x0000000795580000)
  object space 87552K, 3% used [0x0000000740000000,0x00000007403262c8,0x0000000745580000)
 Metaspace       used 20592K, capacity 21730K, committed 21760K, reserved 1067008K
  class space    used 3063K, capacity 3308K, committed 3328K, reserved 1048576K
}
Event: 3.350 GC heap before
{Heap before GC invocations=4 (full 0):
 PSYoungGen      total 38400K, used 8802K [0x0000000795580000, 0x000000079a080000, 0x00000007c0000000)
  eden space 33280K, 11% used [0x0000000795580000,0x0000000795920ab8,0x0000000797600000)
  from space 5120K, 99% used [0x0000000797600000,0x0000000797af8030,0x0000000797b00000)
  to   space 5120K, 0% used [0x0000000799b80000,0x0000000799b80000,0x000000079a080000)
 ParOldGen       total 87552K, used 3224K [0x0000000740000000, 0x0000000745580000, 0x0000000795580000)
  object space 87552K, 3% used [0x0000000740000000,0x00000007403262c8,0x0000000745580000)
 Metaspace       used 20779K, capacity 21930K, committed 21960K, reserved 1069056K
  class space    used 3080K, capacity 3310K, committed 3328K, reserved 1048576K
Event: 3.411 GC heap after
Heap after GC invocations=4 (full 0):
 PSYoungGen      total 71680K, used 5104K [0x0000000795580000, 0x000000079a080000, 0x00000007c0000000)
  eden space 66560K, 0% used [0x0000000795580000,0x0000000795580000,0x0000000799680000)
  from space 5120K, 99% used [0x0000000799b80000,0x000000079a07c040,0x000000079a080000)
  to   space 5120K, 0% used [0x0000000799680000,0x0000000799680000,0x0000000799b80000)
 ParOldGen       total 87552K, used 6068K [0x0000000740000000, 0x0000000745580000, 0x0000000795580000)
  object space 87552K, 6% used [0x0000000740000000,0x00000007405ed2f8,0x0000000745580000)
 Metaspace       used 20779K, capacity 21930K, committed 21960K, reserved 1069056K
  class space    used 3080K, capacity 3310K, committed 3328K, reserved 1048576K
}
Event: 3.411 GC heap before
{Heap before GC invocations=5 (full 1):
 PSYoungGen      total 71680K, used 5104K [0x0000000795580000, 0x000000079a080000, 0x00000007c0000000)
  eden space 66560K, 0% used [0x0000000795580000,0x0000000795580000,0x0000000799680000)
  from space 5120K, 99% used [0x0000000799b80000,0x000000079a07c040,0x000000079a080000)
  to   space 5120K, 0% used [0x0000000799680000,0x0000000799680000,0x0000000799b80000)
 ParOldGen       total 87552K, used 6068K [0x0000000740000000, 0x0000000745580000, 0x0000000795580000)
  object space 87552K, 6% used [0x0000000740000000,0x00000007405ed2f8,0x0000000745580000)
 Metaspace       used 20779K, capacity 21930K, committed 21960K, reserved 1069056K
  class space    used 3080K, capacity 3310K, committed 3328K, reserved 1048576K
Event: 3.474 GC heap after
Heap after GC invocations=5 (full 1):
 PSYoungGen      total 71680K, used 0K [0x0000000795580000, 0x000000079a080000, 0x00000007c0000000)
  eden space 66560K, 0% used [0x0000000795580000,0x0000000795580000,0x0000000799680000)
  from space 5120K, 0% used [0x0000000799b80000,0x0000000799b80000,0x000000079a080000)
  to   space 5120K, 0% used [0x0000000799680000,0x0000000799680000,0x0000000799b80000)
 ParOldGen       total 51200K, used 10209K [0x0000000740000000, 0x0000000743200000, 0x0000000795580000)
  object space 51200K, 19% used [0x0000000740000000,0x00000007409f85c8,0x0000000743200000)
 Metaspace       used 20779K, capacity 21930K, committed 21960K, reserved 1069056K
  class space    used 3080K, capacity 3310K, committed 3328K, reserved 1048576K
}
Event: 8.468 GC heap before
{Heap before GC invocations=6 (full 1):
 PSYoungGen      total 71680K, used 66560K [0x0000000795580000, 0x000000079a080000, 0x00000007c0000000)
  eden space 66560K, 100% used [0x0000000795580000,0x0000000799680000,0x0000000799680000)
  from space 5120K, 0% used [0x0000000799b80000,0x0000000799b80000,0x000000079a080000)
  to   space 5120K, 0% used [0x0000000799680000,0x0000000799680000,0x0000000799b80000)
 ParOldGen       total 51200K, used 10209K [0x0000000740000000, 0x0000000743200000, 0x0000000795580000)
  object space 51200K, 19% used [0x0000000740000000,0x00000007409f8690,0x0000000743200000)
 Metaspace       used 23645K, capacity 25066K, committed 25160K, reserved 1071104K
  class space    used 3354K, capacity 3619K, committed 3712K, reserved 1048576K
Event: 8.478 GC heap after
Heap after GC invocations=6 (full 1):
 PSYoungGen      total 71680K, used 5112K [0x0000000795580000, 0x000000079e500000, 0x00000007c0000000)
  eden space 66560K, 0% used [0x0000000795580000,0x0000000795580000,0x0000000799680000)
  from space 5120K, 99% used [0x0000000799680000,0x0000000799b7e028,0x0000000799b80000)
  to   space 10752K, 0% used [0x000000079da80000,0x000000079da80000,0x000000079e500000)
 ParOldGen       total 51200K, used 14315K [0x0000000740000000, 0x0000000743200000, 0x0000000795580000)
  object space 51200K, 27% used [0x0000000740000000,0x0000000740dfafe0,0x0000000743200000)
 Metaspace       used 23645K, capacity 25066K, committed 25160K, reserved 1071104K
  class space    used 3354K, capacity 3619K, committed 3712K, reserved 1048576K
}
Event: 11.629 GC heap before
{Heap before GC invocations=7 (full 1):
 PSYoungGen      total 71680K, used 71672K [0x0000000795580000, 0x000000079e500000, 0x00000007c0000000)
  eden space 66560K, 100% used [0x0000000795580000,0x0000000799680000,0x0000000799680000)
  from space 5120K, 99% used [0x0000000799680000,0x0000000799b7e028,0x0000000799b80000)
  to   space 10752K, 0% used [0x000000079da80000,0x000000079da80000,0x000000079e500000)
 ParOldGen       total 51200K, used 15368K [0x0000000740000000, 0x0000000743200000, 0x0000000795580000)
  object space 51200K, 30% used [0x0000000740000000,0x0000000740f021b8,0x0000000743200000)
 Metaspace       used 24231K, capacity 25676K, committed 25928K, reserved 1071104K
  class space    used 3356K, capacity 3620K, committed 3712K, reserved 1048576K
Event: 11.648 GC heap after
Heap after GC invocations=7 (full 1):
 PSYoungGen      total 133632K, used 10720K [0x0000000795580000, 0x000000079e580000, 0x00000007c0000000)
  eden space 122880K, 0% used [0x0000000795580000,0x0000000795580000,0x000000079cd80000)
  from space 10752K, 99% used [0x000000079da80000,0x000000079e4f8220,0x000000079e500000)
  to   space 12288K, 0% used [0x000000079cd80000,0x000000079cd80000,0x000000079d980000)
 ParOldGen       total 51200K, used 15376K [0x0000000740000000, 0x0000000743200000, 0x0000000795580000)
  object space 51200K, 30% used [0x0000000740000000,0x0000000740f041b8,0x0000000743200000)
 Metaspace       used 24231K, capacity 25676K, committed 25928K, reserved 1071104K
  class space    used 3356K, capacity 3620K, committed 3712K, reserved 1048576K
}

