# JRE version: Java(TM) SE Runtime Environment (8.0_60-b27) (build 1.8.0_60-b27)
# Java VM: Java HotSpot(TM) 64-Bit Server VM (25.60-b23 mixed mode bsd-amd64 compressed oops)
Heap:
 PSYoungGen      total 54272K, used 36292K [0x0000000795580000, 0x000000079b580000, 0x00000007c0000000)
  eden space 49152K, 63% used [0x0000000795580000,0x00000007973f2fc8,0x0000000798580000)
  from space 5120K, 99% used [0x0000000798580000,0x0000000798a7e328,0x0000000798a80000)
  to   space 15360K, 0% used [0x000000079a680000,0x000000079a680000,0x000000079b580000)
 ParOldGen       total 68096K, used 20537K [0x0000000740000000, 0x0000000744280000, 0x0000000795580000)
  object space 68096K, 30% used [0x0000000740000000,0x000000074140e620,0x0000000744280000)
 Metaspace       used 24785K, capacity 26252K, committed 26496K, reserved 1073152K
  class space    used 3434K, capacity 3700K, committed 3712K, reserved 1048576K
GC Heap History (10 events):
Event: 3.582 GC heap before
{Heap before GC invocations=2 (full 0):
 PSYoungGen      total 38400K, used 20504K [0x0000000795580000, 0x0000000798000000, 0x00000007c0000000)
  eden space 33280K, 48% used [0x0000000795580000,0x000000079651a008,0x0000000797600000)
  from space 5120K, 88% used [0x0000000797600000,0x0000000797a6c070,0x0000000797b00000)
  to   space 5120K, 0% used [0x0000000797b00000,0x0000000797b00000,0x0000000798000000)
 ParOldGen       total 87552K, used 16K [0x0000000740000000, 0x0000000745580000, 0x0000000795580000)
  object space 87552K, 0% used [0x0000000740000000,0x0000000740004000,0x0000000745580000)
 Metaspace       used 20034K, capacity 21124K, committed 21248K, reserved 1067008K
  class space    used 3002K, capacity 3239K, committed 3328K, reserved 1048576K
Event: 3.596 GC heap after
Heap after GC invocations=2 (full 0):
 PSYoungGen      total 38400K, used 5106K [0x0000000795580000, 0x0000000798000000, 0x00000007c0000000)
  eden space 33280K, 0% used [0x0000000795580000,0x0000000795580000,0x0000000797600000)
  from space 5120K, 99% used [0x0000000797b00000,0x0000000797ffcad0,0x0000000798000000)
  to   space 5120K, 0% used [0x0000000797600000,0x0000000797600000,0x0000000797b00000)
 ParOldGen       total 87552K, used 7292K [0x0000000740000000, 0x0000000745580000, 0x0000000795580000)
  object space 87552K, 8% used [0x0000000740000000,0x000000074071f3c8,0x0000000745580000)
 Metaspace       used 20034K, capacity 21124K, committed 21248K, reserved 1067008K
  class space    used 3002K, capacity 3239K, committed 3328K, reserved 1048576K
}
Event: 3.596 GC heap before
{Heap before GC invocations=3 (full 1):
 PSYoungGen      total 38400K, used 5106K [0x0000000795580000, 0x0000000798000000, 0x00000007c0000000)
  eden space 33280K, 0% used [0x0000000795580000,0x0000000795580000,0x0000000797600000)
  from space 5120K, 99% used [0x0000000797b00000,0x0000000797ffcad0,0x0000000798000000)
  to   space 5120K, 0% used [0x0000000797600000,0x0000000797600000,0x0000000797b00000)
 ParOldGen       total 87552K, used 7292K [0x0000000740000000, 0x0000000745580000, 0x0000000795580000)
  object space 87552K, 8% used [0x0000000740000000,0x000000074071f3c8,0x0000000745580000)
 Metaspace       used 20034K, capacity 21124K, committed 21248K, reserved 1067008K
  class space    used 3002K, capacity 3239K, committed 3328K, reserved 1048576K
Event: 3.625 GC heap after
Heap after GC invocations=3 (full 1):
 PSYoungGen      total 38400K, used 0K [0x0000000795580000, 0x0000000798000000, 0x00000007c0000000)
  eden space 33280K, 0% used [0x0000000795580000,0x0000000795580000,0x0000000797600000)
  from space 5120K, 0% used [0x0000000797b00000,0x0000000797b00000,0x0000000798000000)
  to   space 5120K, 0% used [0x0000000797600000,0x0000000797600000,0x0000000797b00000)
 ParOldGen       total 68096K, used 9602K [0x0000000740000000, 0x0000000744280000, 0x0000000795580000)
  object space 68096K, 14% used [0x0000000740000000,0x0000000740960bf8,0x0000000744280000)
 Metaspace       used 20034K, capacity 21124K, committed 21248K, reserved 1067008K
  class space    used 3002K, capacity 3239K, committed 3328K, reserved 1048576K
}
Event: 5.938 GC heap before
{Heap before GC invocations=4 (full 1):
 PSYoungGen      total 38400K, used 33280K [0x0000000795580000, 0x0000000798000000, 0x00000007c0000000)
  eden space 33280K, 100% used [0x0000000795580000,0x0000000797600000,0x0000000797600000)
  from space 5120K, 0% used [0x0000000797b00000,0x0000000797b00000,0x0000000798000000)
  to   space 5120K, 0% used [0x0000000797600000,0x0000000797600000,0x0000000797b00000)
 ParOldGen       total 68096K, used 9602K [0x0000000740000000, 0x0000000744280000, 0x0000000795580000)
  object space 68096K, 14% used [0x0000000740000000,0x0000000740960bf8,0x0000000744280000)
 Metaspace       used 23056K, capacity 24334K, committed 24576K, reserved 1071104K
  class space    used 3314K, capacity 3563K, committed 3584K, reserved 1048576K
Event: 5.944 GC heap after
Heap after GC invocations=4 (full 1):
 PSYoungGen      total 38400K, used 5099K [0x0000000795580000, 0x0000000798f80000, 0x00000007c0000000)
  eden space 33280K, 0% used [0x0000000795580000,0x0000000795580000,0x0000000797600000)
  from space 5120K, 99% used [0x0000000797600000,0x0000000797afaee8,0x0000000797b00000)
  to   space 5120K, 0% used [0x0000000798a80000,0x0000000798a80000,0x0000000798f80000)
 ParOldGen       total 68096K, used 9610K [0x0000000740000000, 0x0000000744280000, 0x0000000795580000)
  object space 68096K, 14% used [0x0000000740000000,0x0000000740962bf8,0x0000000744280000)
 Metaspace       used 23056K, capacity 24334K, committed 24576K, reserved 1071104K
  class space    used 3314K, capacity 3563K, committed 3584K, reserved 1048576K
}
Event: 12.215 GC heap before
{Heap before GC invocations=5 (full 1):
 PSYoungGen      total 38400K, used 38284K [0x0000000795580000, 0x0000000798f80000, 0x00000007c0000000)
  eden space 33280K, 99% used [0x0000000795580000,0x00000007975e8228,0x0000000797600000)
  from space 5120K, 99% used [0x0000000797600000,0x0000000797afaee8,0x0000000797b00000)
  to   space 5120K, 0% used [0x0000000798a80000,0x0000000798a80000,0x0000000798f80000)
 ParOldGen       total 68096K, used 9610K [0x0000000740000000, 0x0000000744280000, 0x0000000795580000)
  object space 68096K, 14% used [0x0000000740000000,0x0000000740962bf8,0x0000000744280000)
 Metaspace       used 23773K, capacity 25182K, committed 25472K, reserved 1071104K
  class space    used 3347K, capacity 3611K, committed 3712K, reserved 1048576K
Event: 12.225 GC heap after
Heap after GC invocations=5 (full 1):
 PSYoungGen      total 52736K, used 5095K [0x0000000795580000, 0x0000000798f80000, 0x00000007c0000000)
  eden space 47616K, 0% used [0x0000000795580000,0x0000000795580000,0x0000000798400000)
  from space 5120K, 99% used [0x0000000798a80000,0x0000000798f79ed8,0x0000000798f80000)
  to   space 5120K, 0% used [0x0000000798580000,0x0000000798580000,0x0000000798a80000)
 ParOldGen       total 68096K, used 14039K [0x0000000740000000, 0x0000000744280000, 0x0000000795580000)
  object space 68096K, 20% used [0x0000000740000000,0x0000000740db5c30,0x0000000744280000)
 Metaspace       used 23773K, capacity 25182K, committed 25472K, reserved 1071104K
  class space    used 3347K, capacity 3611K, committed 3712K, reserved 1048576K
}
Event: 14.683 GC heap before
{Heap before GC invocations=6 (full 1):
 PSYoungGen      total 52736K, used 52711K [0x0000000795580000, 0x0000000798f80000, 0x00000007c0000000)
  eden space 47616K, 100% used [0x0000000795580000,0x0000000798400000,0x0000000798400000)
  from space 5120K, 99% used [0x0000000798a80000,0x0000000798f79ed8,0x0000000798f80000)
  to   space 5120K, 0% used [0x0000000798580000,0x0000000798580000,0x0000000798a80000)
 ParOldGen       total 68096K, used 14039K [0x0000000740000000, 0x0000000744280000, 0x0000000795580000)
  object space 68096K, 20% used [0x0000000740000000,0x0000000740db5c30,0x0000000744280000)
 Metaspace       used 24135K, capacity 25534K, committed 25728K, reserved 1071104K
  class space    used 3347K, capacity 3611K, committed 3712K, reserved 1048576K
Event: 14.698 GC heap after
Heap after GC invocations=6 (full 1):
 PSYoungGen      total 54272K, used 5112K [0x0000000795580000, 0x000000079b580000, 0x00000007c0000000)
  eden space 49152K, 0% used [0x0000000795580000,0x0000000795580000,0x0000000798580000)
  from space 5120K, 99% used [0x0000000798580000,0x0000000798a7e328,0x0000000798a80000)
  to   space 15360K, 0% used [0x000000079a680000,0x000000079a680000,0x000000079b580000)
 ParOldGen       total 68096K, used 20537K [0x0000000740000000, 0x0000000744280000, 0x0000000795580000)
  object space 68096K, 30% used [0x0000000740000000,0x000000074140e620,0x0000000744280000)
 Metaspace       used 24135K, capacity 25534K, committed 25728K, reserved 1071104K
  class space    used 3347K, capacity 3611K, committed 3712K, reserved 1048576K
}

