# JRE version: Java(TM) SE Runtime Environment (8.0_60-b27) (build 1.8.0_60-b27)
# Java VM: Java HotSpot(TM) 64-Bit Server VM (25.60-b23 mixed mode bsd-amd64 compressed oops)
Heap:
 PSYoungGen      total 52736K, used 14211K [0x0000000795580000, 0x000000079b100000, 0x00000007c0000000)
  eden space 47616K, 19% used [0x0000000795580000,0x0000000795e63478,0x0000000798400000)
  from space 5120K, 99% used [0x0000000798400000,0x00000007988fdb40,0x0000000798900000)
  to   space 15360K, 0% used [0x000000079a200000,0x000000079a200000,0x000000079b100000)
 ParOldGen       total 70144K, used 21707K [0x0000000740000000, 0x0000000744480000, 0x0000000795580000)
  object space 70144K, 30% used [0x0000000740000000,0x0000000741532c38,0x0000000744480000)
 Metaspace       used 25065K, capacity 26644K, committed 26880K, reserved 1073152K
  class space    used 3473K, capacity 3760K, committed 3840K, reserved 1048576K
GC Heap History (10 events):
Event: 3.804 GC heap before
{Heap before GC invocations=2 (full 0):
 PSYoungGen      total 38400K, used 20580K [0x0000000795580000, 0x0000000798000000, 0x00000007c0000000)
  eden space 33280K, 48% used [0x0000000795580000,0x0000000796529050,0x0000000797600000)
  from space 5120K, 88% used [0x0000000797600000,0x0000000797a70060,0x0000000797b00000)
  to   space 5120K, 0% used [0x0000000797b00000,0x0000000797b00000,0x0000000798000000)
 ParOldGen       total 87552K, used 16K [0x0000000740000000, 0x0000000745580000, 0x0000000795580000)
  object space 87552K, 0% used [0x0000000740000000,0x0000000740004000,0x0000000745580000)
 Metaspace       used 19985K, capacity 21130K, committed 21248K, reserved 1067008K
  class space    used 2994K, capacity 3240K, committed 3328K, reserved 1048576K
Event: 3.819 GC heap after
Heap after GC invocations=2 (full 0):
 PSYoungGen      total 38400K, used 5106K [0x0000000795580000, 0x0000000798000000, 0x00000007c0000000)
  eden space 33280K, 0% used [0x0000000795580000,0x0000000795580000,0x0000000797600000)
  from space 5120K, 99% used [0x0000000797b00000,0x0000000797ffcae0,0x0000000798000000)
  to   space 5120K, 0% used [0x0000000797600000,0x0000000797600000,0x0000000797b00000)
 ParOldGen       total 87552K, used 7303K [0x0000000740000000, 0x0000000745580000, 0x0000000795580000)
  object space 87552K, 8% used [0x0000000740000000,0x0000000740721ed8,0x0000000745580000)
 Metaspace       used 19985K, capacity 21130K, committed 21248K, reserved 1067008K
  class space    used 2994K, capacity 3240K, committed 3328K, reserved 1048576K
}
Event: 3.819 GC heap before
{Heap before GC invocations=3 (full 1):
 PSYoungGen      total 38400K, used 5106K [0x0000000795580000, 0x0000000798000000, 0x00000007c0000000)
  eden space 33280K, 0% used [0x0000000795580000,0x0000000795580000,0x0000000797600000)
  from space 5120K, 99% used [0x0000000797b00000,0x0000000797ffcae0,0x0000000798000000)
  to   space 5120K, 0% used [0x0000000797600000,0x0000000797600000,0x0000000797b00000)
 ParOldGen       total 87552K, used 7303K [0x0000000740000000, 0x0000000745580000, 0x0000000795580000)
  object space 87552K, 8% used [0x0000000740000000,0x0000000740721ed8,0x0000000745580000)
 Metaspace       used 19985K, capacity 21130K, committed 21248K, reserved 1067008K
  class space    used 2994K, capacity 3240K, committed 3328K, reserved 1048576K
Event: 3.857 GC heap after
Heap after GC invocations=3 (full 1):
 PSYoungGen      total 38400K, used 0K [0x0000000795580000, 0x0000000798000000, 0x00000007c0000000)
  eden space 33280K, 0% used [0x0000000795580000,0x0000000795580000,0x0000000797600000)
  from space 5120K, 0% used [0x0000000797b00000,0x0000000797b00000,0x0000000798000000)
  to   space 5120K, 0% used [0x0000000797600000,0x0000000797600000,0x0000000797b00000)
 ParOldGen       total 70144K, used 9595K [0x0000000740000000, 0x0000000744480000, 0x0000000795580000)
  object space 70144K, 13% used [0x0000000740000000,0x000000074095ed18,0x0000000744480000)
 Metaspace       used 19985K, capacity 21130K, committed 21248K, reserved 1067008K
  class space    used 2994K, capacity 3240K, committed 3328K, reserved 1048576K
}
Event: 5.688 GC heap before
{Heap before GC invocations=4 (full 1):
 PSYoungGen      total 38400K, used 33135K [0x0000000795580000, 0x0000000798000000, 0x00000007c0000000)
  eden space 33280K, 99% used [0x0000000795580000,0x00000007975dbfe8,0x0000000797600000)
  from space 5120K, 0% used [0x0000000797b00000,0x0000000797b00000,0x0000000798000000)
  to   space 5120K, 0% used [0x0000000797600000,0x0000000797600000,0x0000000797b00000)
 ParOldGen       total 70144K, used 9595K [0x0000000740000000, 0x0000000744480000, 0x0000000795580000)
  object space 70144K, 13% used [0x0000000740000000,0x000000074095ed18,0x0000000744480000)
 Metaspace       used 23010K, capacity 24344K, committed 24576K, reserved 1071104K
  class space    used 3314K, capacity 3562K, committed 3584K, reserved 1048576K
Event: 5.695 GC heap after
Heap after GC invocations=4 (full 1):
 PSYoungGen      total 38400K, used 5119K [0x0000000795580000, 0x0000000798e00000, 0x00000007c0000000)
  eden space 33280K, 0% used [0x0000000795580000,0x0000000795580000,0x0000000797600000)
  from space 5120K, 99% used [0x0000000797600000,0x0000000797affff8,0x0000000797b00000)
  to   space 5120K, 0% used [0x0000000798900000,0x0000000798900000,0x0000000798e00000)
 ParOldGen       total 70144K, used 10093K [0x0000000740000000, 0x0000000744480000, 0x0000000795580000)
  object space 70144K, 14% used [0x0000000740000000,0x00000007409db528,0x0000000744480000)
 Metaspace       used 23010K, capacity 24344K, committed 24576K, reserved 1071104K
  class space    used 3314K, capacity 3562K, committed 3584K, reserved 1048576K
}
Event: 11.380 GC heap before
{Heap before GC invocations=5 (full 1):
 PSYoungGen      total 38400K, used 38399K [0x0000000795580000, 0x0000000798e00000, 0x00000007c0000000)
  eden space 33280K, 100% used [0x0000000795580000,0x0000000797600000,0x0000000797600000)
  from space 5120K, 99% used [0x0000000797600000,0x0000000797affff8,0x0000000797b00000)
  to   space 5120K, 0% used [0x0000000798900000,0x0000000798900000,0x0000000798e00000)
 ParOldGen       total 70144K, used 10157K [0x0000000740000000, 0x0000000744480000, 0x0000000795580000)
  object space 70144K, 14% used [0x0000000740000000,0x00000007409eb538,0x0000000744480000)
 Metaspace       used 23770K, capacity 25084K, committed 25088K, reserved 1071104K
  class space    used 3336K, capacity 3582K, committed 3584K, reserved 1048576K
Event: 11.403 GC heap after
Heap after GC invocations=5 (full 1):
 PSYoungGen      total 51712K, used 5114K [0x0000000795580000, 0x0000000798e00000, 0x00000007c0000000)
  eden space 46592K, 0% used [0x0000000795580000,0x0000000795580000,0x0000000798300000)
  from space 5120K, 99% used [0x0000000798900000,0x0000000798dfe858,0x0000000798e00000)
  to   space 5120K, 0% used [0x0000000798400000,0x0000000798400000,0x0000000798900000)
 ParOldGen       total 70144K, used 16334K [0x0000000740000000, 0x0000000744480000, 0x0000000795580000)
  object space 70144K, 23% used [0x0000000740000000,0x0000000740ff3be8,0x0000000744480000)
 Metaspace       used 23770K, capacity 25084K, committed 25088K, reserved 1071104K
  class space    used 3336K, capacity 3582K, committed 3584K, reserved 1048576K
}
Event: 17.710 GC heap before
{Heap before GC invocations=6 (full 1):
 PSYoungGen      total 51712K, used 51706K [0x0000000795580000, 0x0000000798e00000, 0x00000007c0000000)
  eden space 46592K, 100% used [0x0000000795580000,0x0000000798300000,0x0000000798300000)
  from space 5120K, 99% used [0x0000000798900000,0x0000000798dfe858,0x0000000798e00000)
  to   space 5120K, 0% used [0x0000000798400000,0x0000000798400000,0x0000000798900000)
 ParOldGen       total 70144K, used 16415K [0x0000000740000000, 0x0000000744480000, 0x0000000795580000)
  object space 70144K, 23% used [0x0000000740000000,0x0000000741007f78,0x0000000744480000)
 Metaspace       used 24528K, capacity 25976K, committed 26240K, reserved 1071104K
  class space    used 3382K, capacity 3668K, committed 3712K, reserved 1048576K
Event: 17.720 GC heap after
Heap after GC invocations=6 (full 1):
 PSYoungGen      total 52736K, used 5110K [0x0000000795580000, 0x000000079b100000, 0x00000007c0000000)
  eden space 47616K, 0% used [0x0000000795580000,0x0000000795580000,0x0000000798400000)
  from space 5120K, 99% used [0x0000000798400000,0x00000007988fdb40,0x0000000798900000)
  to   space 15360K, 0% used [0x000000079a200000,0x000000079a200000,0x000000079b100000)
 ParOldGen       total 70144K, used 21707K [0x0000000740000000, 0x0000000744480000, 0x0000000795580000)
  object space 70144K, 30% used [0x0000000740000000,0x0000000741532c38,0x0000000744480000)
 Metaspace       used 24528K, capacity 25976K, committed 26240K, reserved 1071104K
  class space    used 3382K, capacity 3668K, committed 3712K, reserved 1048576K
}

